0 info it worked if it ends with ok
1 verbose cli [ '/usr/local/Cellar/node/0.8.16/bin/node',
1 verbose cli   '/usr/local/bin/npm',
1 verbose cli   'run-script',
1 verbose cli   'webtest' ]
2 info using npm@1.1.69
3 info using node@v0.8.16
4 verbose read json /Users/varokas/Documents/projects/4c/package.json
5 verbose run-script [ 'prewebtest', 'webtest', 'postwebtest' ]
6 info prewebtest foresee@0.0.1
7 info webtest foresee@0.0.1
8 verbose unsafe-perm in lifecycle true
9 silly exec sh "-c" "mocha --reporter spec --compilers coffee:coffee-script --colors --require should webtest/*.coffee -t 30000"
10 silly sh,-c,mocha --reporter spec --compilers coffee:coffee-script --colors --require should webtest/*.coffee -t 30000,/Users/varokas/Documents/projects/4c spawning
11 info foresee@0.0.1 Failed to exec webtest script
12 error foresee@0.0.1 webtest: `mocha --reporter spec --compilers coffee:coffee-script --colors --require should webtest/*.coffee -t 30000`
12 error `sh "-c" "mocha --reporter spec --compilers coffee:coffee-script --colors --require should webtest/*.coffee -t 30000"` failed with 1
13 error Failed at the foresee@0.0.1 webtest script.
13 error This is most likely a problem with the foresee package,
13 error not with npm itself.
13 error Tell the author that this fails on your system:
13 error     mocha --reporter spec --compilers coffee:coffee-script --colors --require should webtest/*.coffee -t 30000
13 error You can get their info via:
13 error     npm owner ls foresee
13 error There is likely additional logging output above.
14 error System Darwin 12.2.0
15 error command "/usr/local/Cellar/node/0.8.16/bin/node" "/usr/local/bin/npm" "run-script" "webtest"
16 error cwd /Users/varokas/Documents/projects/4c
17 error node -v v0.8.16
18 error npm -v 1.1.69
19 error code ELIFECYCLE
20 verbose exit [ 1, true ]
